<?xml version="1.0" encoding="UTF-8"?>
<testsuite xmlns:xsi="http://www.w3.org/2001/XMLSchema-instance" xsi:noNamespaceSchemaLocation="https://maven.apache.org/surefire/maven-surefire-plugin/xsd/surefire-test-report-3.0.xsd" version="3.0" name="com.demp.app.ParametrizedDemoTest" time="0.509" tests="10" errors="0" skipped="0" failures="1">
  <properties>
[...]
</properties>
  <testcase name="testArgs(String)[1]" classname="com.demp.app.ParametrizedDemoTest" time="0.079"/>
  <testcase name="testArgs(String)[2]" classname="com.demp.app.ParametrizedDemoTest" time="0.004"/>
  <testcase name="testArgs(String)[3]" classname="com.demp.app.ParametrizedDemoTest" time="0.002"/>
  <testcase name="testArgs(String)[4]" classname="com.demp.app.ParametrizedDemoTest" time="0.007"/>
  <testcase name="testAddForCSVData(int, int, int)[1]" classname="com.demp.app.ParametrizedDemoTest" time="0.006"/>
  <testcase name="testAddForCSVData(int, int, int)[2]" classname="com.demp.app.ParametrizedDemoTest" time="0.003"/>
  <testcase name="testAddForCSVData(int, int, int)[3]" classname="com.demp.app.ParametrizedDemoTest" time="0.002"/>
  <testcase name="testAddForCSVData(int, int, int)[4]" classname="com.demp.app.ParametrizedDemoTest" time="0.011">
    <failure type="org.opentest4j.AssertionFailedError"><![CDATA[org.opentest4j.AssertionFailedError: expected: <6> but was: <5>
	at com.demp.app.ParametrizedDemoTest.testAddForCSVData(ParametrizedDemoTest.java:34)
]]></failure>
  </testcase>
  <testcase name="testAddForData(int, int, int)[1]" classname="com.demp.app.ParametrizedDemoTest" time="0.003"/>
  <testcase name="testAddForData(int, int, int)[2]" classname="com.demp.app.ParametrizedDemoTest" time="0.002"/>
</testsuite>